<?xml version="1.0" encoding="UTF-8"?>
<testng-results ignored="0" total="1" passed="1" failed="0" skipped="0">
  <reporter-output>
  </reporter-output>
  <suite started-at="2024-05-06T10:53:24 IST" name="Suite" finished-at="2024-05-06T10:53:55 IST" duration-ms="30744">
    <groups>
    </groups>
    <test started-at="2024-05-06T10:53:24 IST" name="Test" finished-at="2024-05-06T10:53:55 IST" duration-ms="30744">
      <class name="com.mystore.testcases.TC_MyAccountPageTest">
        <test-method is-config="true" signature="setup()[pri:0, instance:com.mystore.testcases.TC_MyAccountPageTest@7c24b813]" started-at="2024-05-06T10:53:25 IST" name="setup" finished-at="2024-05-06T10:53:32 IST" duration-ms="7257" status="PASS">
          <reporter-output>
          </reporter-output>
        </test-method> <!-- setup -->
        <test-method signature="verifyFlipkart()[pri:0, instance:com.mystore.testcases.TC_MyAccountPageTest@7c24b813]" started-at="2024-05-06T10:53:32 IST" name="verifyFlipkart" finished-at="2024-05-06T10:53:54 IST" duration-ms="22230" status="PASS">
          <reporter-output>
          </reporter-output>
        </test-method> <!-- verifyFlipkart -->
        <test-method is-config="true" signature="tearDown()[pri:0, instance:com.mystore.testcases.TC_MyAccountPageTest@7c24b813]" started-at="2024-05-06T10:53:54 IST" name="tearDown" finished-at="2024-05-06T10:53:55 IST" duration-ms="758" status="PASS">
          <reporter-output>
          </reporter-output>
        </test-method> <!-- tearDown -->
      </class> <!-- com.mystore.testcases.TC_MyAccountPageTest -->
    </test> <!-- Test -->
  </suite> <!-- Suite -->
</testng-results>
