<?xml version="1.0" encoding="UTF-8"?>
<testsuite xmlns:xsi="http://www.w3.org/2001/XMLSchema-instance" xsi:noNamespaceSchemaLocation="https://maven.apache.org/surefire/maven-surefire-plugin/xsd/surefire-test-report-3.0.xsd" version="3.0" name="TestSuite" time="33.262" tests="1" errors="0" skipped="0" failures="0">
  <properties>
[...]
</properties>
  <testcase name="verifyFlipkart" classname="com.mystore.testcases.TC_MyAccountPageTest" time="22.258">
    <system-out><![CDATA[On Start method invoked....
Name of test method started:verifyFlipkart
flipkart assured success
internal storage clicked success
256 GB clicked success
high low clicked success
Number of products in list: 18
SAMSUNG Galaxy S24 Ultra 5G (Titanium Violet, 512 GB) ₹1,39,999
SAMSUNG Galaxy S24 Ultra 5G (Titanium Black, 512 GB) ₹1,39,999
SAMSUNG Galaxy S24 Ultra 5G (Titanium Gray, 512 GB) ₹1,39,999
SAMSUNG Galaxy S24 Ultra 5G (Titanium Violet, 256 GB) ₹1,29,999
SAMSUNG Galaxy S24 Ultra 5G (Titanium Gray, 256 GB) ₹1,29,999
SAMSUNG Galaxy S24 Ultra 5G (Titanium Black, 256 GB) ₹1,29,999
SAMSUNG Galaxy S24+ 5G (Onyx Black, 512 GB) ₹1,09,999
SAMSUNG Galaxy S24+ 5G (Cobalt Violet, 512 GB) ₹1,09,999
SAMSUNG Galaxy S24+ 5G (Cobalt Violet, 256 GB) ₹99,999
SAMSUNG Galaxy S24+ 5G (Onyx Black, 256 GB) ₹99,999
SAMSUNG Galaxy S24 5G (Amber Yellow, 512 GB) ₹89,999
SAMSUNG Galaxy S24 5G (Onyx Black, 512 GB) ₹89,999
SAMSUNG Galaxy S24 5G (Cobalt Violet, 512 GB) ₹89,999
SAMSUNG Galaxy S24 5G (Cobalt Violet, 256 GB) ₹79,999
SAMSUNG Galaxy S24 5G (Onyx Black, 256 GB) ₹79,999
SAMSUNG Galaxy S24 5G (Amber Yellow, 256 GB) ₹79,999
SAMSUNG Galaxy S10 (Prism White, 512 GB) ₹92,000
SAMSUNG Galaxy S22 ultra 5G (Burgundy, 256 GB) ₹84,753
Second highest price: 129999
Corresponding product: SAMSUNG Galaxy S24 Ultra 5G (Titanium Violet, 256 GB)
Test complete
Name of test method sucessfully executed:verifyFlipkart
]]></system-out>
    <system-err><![CDATA[SLF4J(W): No SLF4J providers were found.
SLF4J(W): Defaulting to no-operation (NOP) logger implementation
SLF4J(W): See https://www.slf4j.org/codes.html#noProviders for further details.
ERROR StatusLogger Log4j2 could not find a logging implementation. Please add log4j-core to the classpath. Using SimpleLogger to log to the console...
Starting ChromeDriver 124.0.6367.91 (51df0e5e17a8b0a4f281c1665dbd1b8a0c6b46af-refs/branch-heads/6367@{#984}) on port 61912
Only local connections are allowed.
Please see https://chromedriver.chromium.org/security-considerations for suggestions on keeping ChromeDriver safe.
ChromeDriver was started successfully.
May 06, 2024 10:53:28 AM org.openqa.selenium.remote.ProtocolHandshake createSession
INFO: Detected dialect: W3C
May 06, 2024 10:53:28 AM org.openqa.selenium.devtools.CdpVersionFinder findNearestMatch
WARNING: Unable to find an exact match for CDP version 124, so returning the closest version found: a no-op implementation
May 06, 2024 10:53:28 AM org.openqa.selenium.devtools.CdpVersionFinder findNearestMatch
INFO: Unable to find CDP implementation matching 124.
May 06, 2024 10:53:28 AM org.openqa.selenium.chromium.ChromiumDriver lambda$new$3
WARNING: Unable to find version of CDP to use for . You may need to include a dependency on a specific version of the CDP using something similar to `org.seleniumhq.selenium:selenium-devtools-v86:4.1.1` where the version ("v86") matches the version of the chromium-based browser you're using and the version number of the artifact is the same as Selenium's.
]]></system-err>
  </testcase>
</testsuite>